Build started 10/21/2015 12:54:06 PM.
     1>Project "H:\bmi2\bmi2\bmi2.vcxproj" on node 2 (build target(s)).
     1>InitializeBuildStatus:
         Creating "Debug\bmi2.unsuccessfulbuild" because "AlwaysCreate" was specified.
       ClCompile:
         c:\Program Files\Microsoft Visual Studio 10.0\VC\bin\CL.exe /c /ZI /nologo /W3 /WX- /Od /Oy- /D WIN32 /D _DEBUG /D _CONSOLE /D _UNICODE /D UNICODE /Gm /EHsc /RTC1 /MDd /GS /fp:precise /Zc:wchar_t /Zc:forScope /Fo"Debug\\" /Fd"Debug\vc100.pdb" /Gd /TP /analyze- /errorReport:prompt main.cpp
         main.cpp
     1>h:\bmi2\bmi2\main.cpp(20): warning C4018: '<' : signed/unsigned mismatch
     1>h:\bmi2\bmi2\main.cpp(36): warning C4018: '<' : signed/unsigned mismatch
       ManifestResourceCompile:
         C:\Program Files\Microsoft SDKs\Windows\v7.0A\bin\rc.exe /nologo /fo"Debug\bmi2.exe.embed.manifest.res" Debug\bmi2_manifest.rc 
       Link:
         c:\Program Files\Microsoft Visual Studio 10.0\VC\bin\link.exe /ERRORREPORT:PROMPT /OUT:"H:\bmi2\Debug\bmi2.exe" /INCREMENTAL /NOLOGO kernel32.lib user32.lib gdi32.lib winspool.lib comdlg32.lib advapi32.lib shell32.lib ole32.lib oleaut32.lib uuid.lib odbc32.lib odbccp32.lib /MANIFEST /ManifestFile:"Debug\bmi2.exe.intermediate.manifest" /MANIFESTUAC:"level='asInvoker' uiAccess='false'" /DEBUG /PDB:"H:\bmi2\Debug\bmi2.pdb" /SUBSYSTEM:CONSOLE /TLBID:1 /DYNAMICBASE /NXCOMPAT /IMPLIB:"H:\bmi2\Debug\bmi2.lib" /MACHINE:X86 Debug\bmi2.exe.embed.manifest.res
         Debug\main.obj
         Debug\student.obj
       Manifest:
         C:\Program Files\Microsoft SDKs\Windows\v7.0A\bin\mt.exe /nologo /verbose /out:"Debug\bmi2.exe.embed.manifest" /manifest Debug\bmi2.exe.intermediate.manifest
         C:\Program Files\Microsoft SDKs\Windows\v7.0A\bin\rc.exe /nologo /fo"Debug\bmi2.exe.embed.manifest.res" Debug\bmi2_manifest.rc 
       LinkEmbedManifest:
         c:\Program Files\Microsoft Visual Studio 10.0\VC\bin\link.exe /ERRORREPORT:PROMPT /OUT:"H:\bmi2\Debug\bmi2.exe" /INCREMENTAL /NOLOGO kernel32.lib user32.lib gdi32.lib winspool.lib comdlg32.lib advapi32.lib shell32.lib ole32.lib oleaut32.lib uuid.lib odbc32.lib odbccp32.lib /MANIFEST /ManifestFile:"Debug\bmi2.exe.intermediate.manifest" /MANIFESTUAC:"level='asInvoker' uiAccess='false'" /DEBUG /PDB:"H:\bmi2\Debug\bmi2.pdb" /SUBSYSTEM:CONSOLE /TLBID:1 /DYNAMICBASE /NXCOMPAT /IMPLIB:"H:\bmi2\Debug\bmi2.lib" /MACHINE:X86 Debug\bmi2.exe.embed.manifest.res
         Debug\main.obj
         Debug\student.obj
         bmi2.vcxproj -> H:\bmi2\Debug\bmi2.exe
       FinalizeBuildStatus:
         Deleting file "Debug\bmi2.unsuccessfulbuild".
         Touching "Debug\bmi2.lastbuildstate".
     1>Done Building Project "H:\bmi2\bmi2\bmi2.vcxproj" (build target(s)).

Build succeeded.

Time Elapsed 00:00:02.28
