Build started 4/8/2015 8:31:30 AM.
     1>Project "H:\c++\wallpaper\wallpaper\wallpaper.vcxproj" on node 2 (build target(s)).
     1>InitializeBuildStatus:
         Creating "Debug\wallpaper.unsuccessfulbuild" because "AlwaysCreate" was specified.
       ClCompile:
         c:\Program Files\Microsoft Visual Studio 10.0\VC\bin\CL.exe /c /ZI /nologo /W3 /WX- /Od /Oy- /D WIN32 /D _DEBUG /D _CONSOLE /D _UNICODE /D UNICODE /Gm /EHsc /RTC1 /MDd /GS /fp:precise /Zc:wchar_t /Zc:forScope /Fo"Debug\\" /Fd"Debug\vc100.pdb" /Gd /TP /analyze- /errorReport:prompt wallpaper.cpp
         wallpaper.cpp
       ManifestResourceCompile:
         All outputs are up-to-date.
       Link:
         c:\Program Files\Microsoft Visual Studio 10.0\VC\bin\link.exe /ERRORREPORT:PROMPT /OUT:"H:\c++\wallpaper\Debug\wallpaper.exe" /INCREMENTAL /NOLOGO kernel32.lib user32.lib gdi32.lib winspool.lib comdlg32.lib advapi32.lib shell32.lib ole32.lib oleaut32.lib uuid.lib odbc32.lib odbccp32.lib /MANIFEST /ManifestFile:"Debug\wallpaper.exe.intermediate.manifest" /MANIFESTUAC:"level='asInvoker' uiAccess='false'" /DEBUG /PDB:"H:\c++\wallpaper\Debug\wallpaper.pdb" /SUBSYSTEM:CONSOLE /TLBID:1 /DYNAMICBASE /NXCOMPAT /IMPLIB:"H:\c++\wallpaper\Debug\wallpaper.lib" /MACHINE:X86 Debug\wallpaper.exe.embed.manifest.res
         Debug\wallpaper.obj
       Manifest:
         C:\Program Files\Microsoft SDKs\Windows\v7.0A\bin\mt.exe /nologo /verbose /out:"Debug\wallpaper.exe.embed.manifest" /manifest Debug\wallpaper.exe.intermediate.manifest
         All outputs are up-to-date.
       LinkEmbedManifest:
         c:\Program Files\Microsoft Visual Studio 10.0\VC\bin\link.exe /ERRORREPORT:PROMPT /OUT:"H:\c++\wallpaper\Debug\wallpaper.exe" /INCREMENTAL /NOLOGO kernel32.lib user32.lib gdi32.lib winspool.lib comdlg32.lib advapi32.lib shell32.lib ole32.lib oleaut32.lib uuid.lib odbc32.lib odbccp32.lib /MANIFEST /ManifestFile:"Debug\wallpaper.exe.intermediate.manifest" /MANIFESTUAC:"level='asInvoker' uiAccess='false'" /DEBUG /PDB:"H:\c++\wallpaper\Debug\wallpaper.pdb" /SUBSYSTEM:CONSOLE /TLBID:1 /DYNAMICBASE /NXCOMPAT /IMPLIB:"H:\c++\wallpaper\Debug\wallpaper.lib" /MACHINE:X86 Debug\wallpaper.exe.embed.manifest.res
         Debug\wallpaper.obj
         wallpaper.vcxproj -> H:\c++\wallpaper\Debug\wallpaper.exe
       FinalizeBuildStatus:
         Deleting file "Debug\wallpaper.unsuccessfulbuild".
         Touching "Debug\wallpaper.lastbuildstate".
     1>Done Building Project "H:\c++\wallpaper\wallpaper\wallpaper.vcxproj" (build target(s)).

Build succeeded.

Time Elapsed 00:00:01.61
