Build started 9/29/2015 1:30:47 PM.
     1>Project "H:\conversions\conversions\conversions.vcxproj" on node 2 (build target(s)).
     1>InitializeBuildStatus:
         Creating "Debug\conversions.unsuccessfulbuild" because "AlwaysCreate" was specified.
       ClCompile:
         c:\Program Files\Microsoft Visual Studio 10.0\VC\bin\CL.exe /c /ZI /nologo /W3 /WX- /Od /Oy- /D WIN32 /D _DEBUG /D _CONSOLE /D _UNICODE /D UNICODE /Gm /EHsc /RTC1 /MDd /GS /fp:precise /Zc:wchar_t /Zc:forScope /Fo"Debug\\" /Fd"Debug\vc100.pdb" /Gd /TP /analyze- /errorReport:prompt source.cpp
         source.cpp
     1>h:\conversions\conversions\source.cpp(36): warning C4244: 'initializing' : conversion from 'double' to 'float', possible loss of data
     1>h:\conversions\conversions\source.cpp(39): warning C4305: 'initializing' : truncation from 'double' to 'float'
     1>h:\conversions\conversions\source.cpp(43): warning C4244: 'initializing' : conversion from 'int' to 'float', possible loss of data
     1>h:\conversions\conversions\source.cpp(45): warning C4244: 'initializing' : conversion from 'double' to 'int', possible loss of data
       ManifestResourceCompile:
         All outputs are up-to-date.
       Link:
         c:\Program Files\Microsoft Visual Studio 10.0\VC\bin\link.exe /ERRORREPORT:PROMPT /OUT:"H:\conversions\Debug\conversions.exe" /INCREMENTAL /NOLOGO kernel32.lib user32.lib gdi32.lib winspool.lib comdlg32.lib advapi32.lib shell32.lib ole32.lib oleaut32.lib uuid.lib odbc32.lib odbccp32.lib /MANIFEST /ManifestFile:"Debug\conversions.exe.intermediate.manifest" /MANIFESTUAC:"level='asInvoker' uiAccess='false'" /DEBUG /PDB:"H:\conversions\Debug\conversions.pdb" /SUBSYSTEM:CONSOLE /TLBID:1 /DYNAMICBASE /NXCOMPAT /IMPLIB:"H:\conversions\Debug\conversions.lib" /MACHINE:X86 Debug\conversions.exe.embed.manifest.res
         Debug\source.obj
       Manifest:
         C:\Program Files\Microsoft SDKs\Windows\v7.0A\bin\mt.exe /nologo /verbose /out:"Debug\conversions.exe.embed.manifest" /manifest Debug\conversions.exe.intermediate.manifest
         All outputs are up-to-date.
       LinkEmbedManifest:
         c:\Program Files\Microsoft Visual Studio 10.0\VC\bin\link.exe /ERRORREPORT:PROMPT /OUT:"H:\conversions\Debug\conversions.exe" /INCREMENTAL /NOLOGO kernel32.lib user32.lib gdi32.lib winspool.lib comdlg32.lib advapi32.lib shell32.lib ole32.lib oleaut32.lib uuid.lib odbc32.lib odbccp32.lib /MANIFEST /ManifestFile:"Debug\conversions.exe.intermediate.manifest" /MANIFESTUAC:"level='asInvoker' uiAccess='false'" /DEBUG /PDB:"H:\conversions\Debug\conversions.pdb" /SUBSYSTEM:CONSOLE /TLBID:1 /DYNAMICBASE /NXCOMPAT /IMPLIB:"H:\conversions\Debug\conversions.lib" /MACHINE:X86 Debug\conversions.exe.embed.manifest.res
         Debug\source.obj
         conversions.vcxproj -> H:\conversions\Debug\conversions.exe
       FinalizeBuildStatus:
         Deleting file "Debug\conversions.unsuccessfulbuild".
         Touching "Debug\conversions.lastbuildstate".
     1>Done Building Project "H:\conversions\conversions\conversions.vcxproj" (build target(s)).

Build succeeded.

Time Elapsed 00:00:01.96
