Build started 5/1/2015 8:35:57 AM.
     1>Project "H:\c++\charString\charString\charString.vcxproj" on node 2 (build target(s)).
     1>InitializeBuildStatus:
         Creating "Debug\charString.unsuccessfulbuild" because "AlwaysCreate" was specified.
       ClCompile:
         c:\Program Files\Microsoft Visual Studio 10.0\VC\bin\CL.exe /c /ZI /nologo /W3 /WX- /Od /Oy- /D WIN32 /D _DEBUG /D _CONSOLE /D _UNICODE /D UNICODE /Gm /EHsc /RTC1 /MDd /GS /fp:precise /Zc:wchar_t /Zc:forScope /Fo"Debug\\" /Fd"Debug\vc100.pdb" /Gd /TP /analyze- /errorReport:prompt charStrings.cpp
         charStrings.cpp
       ManifestResourceCompile:
         C:\Program Files\Microsoft SDKs\Windows\v7.0A\bin\rc.exe /nologo /fo"Debug\charString.exe.embed.manifest.res" Debug\charString_manifest.rc 
       Link:
         c:\Program Files\Microsoft Visual Studio 10.0\VC\bin\link.exe /ERRORREPORT:PROMPT /OUT:"H:\c++\charString\Debug\charString.exe" /INCREMENTAL /NOLOGO kernel32.lib user32.lib gdi32.lib winspool.lib comdlg32.lib advapi32.lib shell32.lib ole32.lib oleaut32.lib uuid.lib odbc32.lib odbccp32.lib /MANIFEST /ManifestFile:"Debug\charString.exe.intermediate.manifest" /MANIFESTUAC:"level='asInvoker' uiAccess='false'" /DEBUG /PDB:"H:\c++\charString\Debug\charString.pdb" /SUBSYSTEM:CONSOLE /TLBID:1 /DYNAMICBASE /NXCOMPAT /IMPLIB:"H:\c++\charString\Debug\charString.lib" /MACHINE:X86 Debug\charString.exe.embed.manifest.res
         Debug\charStrings.obj
       Manifest:
         C:\Program Files\Microsoft SDKs\Windows\v7.0A\bin\mt.exe /nologo /verbose /out:"Debug\charString.exe.embed.manifest" /manifest Debug\charString.exe.intermediate.manifest
         C:\Program Files\Microsoft SDKs\Windows\v7.0A\bin\rc.exe /nologo /fo"Debug\charString.exe.embed.manifest.res" Debug\charString_manifest.rc 
       LinkEmbedManifest:
         c:\Program Files\Microsoft Visual Studio 10.0\VC\bin\link.exe /ERRORREPORT:PROMPT /OUT:"H:\c++\charString\Debug\charString.exe" /INCREMENTAL /NOLOGO kernel32.lib user32.lib gdi32.lib winspool.lib comdlg32.lib advapi32.lib shell32.lib ole32.lib oleaut32.lib uuid.lib odbc32.lib odbccp32.lib /MANIFEST /ManifestFile:"Debug\charString.exe.intermediate.manifest" /MANIFESTUAC:"level='asInvoker' uiAccess='false'" /DEBUG /PDB:"H:\c++\charString\Debug\charString.pdb" /SUBSYSTEM:CONSOLE /TLBID:1 /DYNAMICBASE /NXCOMPAT /IMPLIB:"H:\c++\charString\Debug\charString.lib" /MACHINE:X86 Debug\charString.exe.embed.manifest.res
         Debug\charStrings.obj
         charString.vcxproj -> H:\c++\charString\Debug\charString.exe
       FinalizeBuildStatus:
         Deleting file "Debug\charString.unsuccessfulbuild".
         Touching "Debug\charString.lastbuildstate".
     1>Done Building Project "H:\c++\charString\charString\charString.vcxproj" (build target(s)).

Build succeeded.

Time Elapsed 00:00:02.67
