Build started 4/20/2015 9:41:12 AM.
     1>Project "H:\c++\functions\functions\functions.vcxproj" on node 2 (build target(s)).
     1>InitializeBuildStatus:
         Creating "Debug\functions.unsuccessfulbuild" because "AlwaysCreate" was specified.
       ClCompile:
         c:\Program Files\Microsoft Visual Studio 10.0\VC\bin\CL.exe /c /ZI /nologo /W3 /WX- /Od /Oy- /D WIN32 /D _DEBUG /D _CONSOLE /D _UNICODE /D UNICODE /Gm /EHsc /RTC1 /MDd /GS /fp:precise /Zc:wchar_t /Zc:forScope /Fo"Debug\\" /Fd"Debug\vc100.pdb" /Gd /TP /analyze- /errorReport:prompt functions.cpp
         functions.cpp
       ManifestResourceCompile:
         C:\Program Files\Microsoft SDKs\Windows\v7.0A\bin\rc.exe /nologo /fo"Debug\functions.exe.embed.manifest.res" Debug\functions_manifest.rc 
       Link:
         c:\Program Files\Microsoft Visual Studio 10.0\VC\bin\link.exe /ERRORREPORT:PROMPT /OUT:"H:\c++\functions\Debug\functions.exe" /INCREMENTAL /NOLOGO kernel32.lib user32.lib gdi32.lib winspool.lib comdlg32.lib advapi32.lib shell32.lib ole32.lib oleaut32.lib uuid.lib odbc32.lib odbccp32.lib /MANIFEST /ManifestFile:"Debug\functions.exe.intermediate.manifest" /MANIFESTUAC:"level='asInvoker' uiAccess='false'" /DEBUG /PDB:"H:\c++\functions\Debug\functions.pdb" /SUBSYSTEM:CONSOLE /TLBID:1 /DYNAMICBASE /NXCOMPAT /IMPLIB:"H:\c++\functions\Debug\functions.lib" /MACHINE:X86 Debug\functions.exe.embed.manifest.res
         Debug\functions.obj
       Manifest:
         C:\Program Files\Microsoft SDKs\Windows\v7.0A\bin\mt.exe /nologo /verbose /out:"Debug\functions.exe.embed.manifest" /manifest Debug\functions.exe.intermediate.manifest
         C:\Program Files\Microsoft SDKs\Windows\v7.0A\bin\rc.exe /nologo /fo"Debug\functions.exe.embed.manifest.res" Debug\functions_manifest.rc 
       LinkEmbedManifest:
         c:\Program Files\Microsoft Visual Studio 10.0\VC\bin\link.exe /ERRORREPORT:PROMPT /OUT:"H:\c++\functions\Debug\functions.exe" /INCREMENTAL /NOLOGO kernel32.lib user32.lib gdi32.lib winspool.lib comdlg32.lib advapi32.lib shell32.lib ole32.lib oleaut32.lib uuid.lib odbc32.lib odbccp32.lib /MANIFEST /ManifestFile:"Debug\functions.exe.intermediate.manifest" /MANIFESTUAC:"level='asInvoker' uiAccess='false'" /DEBUG /PDB:"H:\c++\functions\Debug\functions.pdb" /SUBSYSTEM:CONSOLE /TLBID:1 /DYNAMICBASE /NXCOMPAT /IMPLIB:"H:\c++\functions\Debug\functions.lib" /MACHINE:X86 Debug\functions.exe.embed.manifest.res
         Debug\functions.obj
         functions.vcxproj -> H:\c++\functions\Debug\functions.exe
       FinalizeBuildStatus:
         Deleting file "Debug\functions.unsuccessfulbuild".
         Touching "Debug\functions.lastbuildstate".
     1>Done Building Project "H:\c++\functions\functions\functions.vcxproj" (build target(s)).

Build succeeded.

Time Elapsed 00:00:02.03
