Build started 4/8/2015 8:02:57 AM.
     1>Project "H:\c++\mingoSales\mingoSales\mingoSales.vcxproj" on node 2 (build target(s)).
     1>PrepareForBuild:
         Creating directory "H:\c++\mingoSales\Debug\".
       InitializeBuildStatus:
         Creating "Debug\mingoSales.unsuccessfulbuild" because "AlwaysCreate" was specified.
       ClCompile:
         c:\Program Files\Microsoft Visual Studio 10.0\VC\bin\CL.exe /c /ZI /nologo /W3 /WX- /Od /Oy- /D WIN32 /D _DEBUG /D _CONSOLE /D _UNICODE /D UNICODE /Gm /EHsc /RTC1 /MDd /GS /fp:precise /Zc:wchar_t /Zc:forScope /Fo"Debug\\" /Fd"Debug\vc100.pdb" /Gd /TP /analyze- /errorReport:prompt mingoSales.cpp
         mingoSales.cpp
       ManifestResourceCompile:
         C:\Program Files\Microsoft SDKs\Windows\v7.0A\bin\rc.exe /nologo /fo"Debug\mingoSales.exe.embed.manifest.res" Debug\mingoSales_manifest.rc 
       Link:
         c:\Program Files\Microsoft Visual Studio 10.0\VC\bin\link.exe /ERRORREPORT:PROMPT /OUT:"H:\c++\mingoSales\Debug\mingoSales.exe" /INCREMENTAL /NOLOGO kernel32.lib user32.lib gdi32.lib winspool.lib comdlg32.lib advapi32.lib shell32.lib ole32.lib oleaut32.lib uuid.lib odbc32.lib odbccp32.lib /MANIFEST /ManifestFile:"Debug\mingoSales.exe.intermediate.manifest" /MANIFESTUAC:"level='asInvoker' uiAccess='false'" /DEBUG /PDB:"H:\c++\mingoSales\Debug\mingoSales.pdb" /SUBSYSTEM:CONSOLE /TLBID:1 /DYNAMICBASE /NXCOMPAT /IMPLIB:"H:\c++\mingoSales\Debug\mingoSales.lib" /MACHINE:X86 Debug\mingoSales.exe.embed.manifest.res
         Debug\mingoSales.obj
       Manifest:
         C:\Program Files\Microsoft SDKs\Windows\v7.0A\bin\mt.exe /nologo /verbose /out:"Debug\mingoSales.exe.embed.manifest" /manifest Debug\mingoSales.exe.intermediate.manifest
         C:\Program Files\Microsoft SDKs\Windows\v7.0A\bin\rc.exe /nologo /fo"Debug\mingoSales.exe.embed.manifest.res" Debug\mingoSales_manifest.rc 
       LinkEmbedManifest:
         c:\Program Files\Microsoft Visual Studio 10.0\VC\bin\link.exe /ERRORREPORT:PROMPT /OUT:"H:\c++\mingoSales\Debug\mingoSales.exe" /INCREMENTAL /NOLOGO kernel32.lib user32.lib gdi32.lib winspool.lib comdlg32.lib advapi32.lib shell32.lib ole32.lib oleaut32.lib uuid.lib odbc32.lib odbccp32.lib /MANIFEST /ManifestFile:"Debug\mingoSales.exe.intermediate.manifest" /MANIFESTUAC:"level='asInvoker' uiAccess='false'" /DEBUG /PDB:"H:\c++\mingoSales\Debug\mingoSales.pdb" /SUBSYSTEM:CONSOLE /TLBID:1 /DYNAMICBASE /NXCOMPAT /IMPLIB:"H:\c++\mingoSales\Debug\mingoSales.lib" /MACHINE:X86 Debug\mingoSales.exe.embed.manifest.res
         Debug\mingoSales.obj
         mingoSales.vcxproj -> H:\c++\mingoSales\Debug\mingoSales.exe
       FinalizeBuildStatus:
         Deleting file "Debug\mingoSales.unsuccessfulbuild".
         Touching "Debug\mingoSales.lastbuildstate".
     1>Done Building Project "H:\c++\mingoSales\mingoSales\mingoSales.vcxproj" (build target(s)).

Build succeeded.

Time Elapsed 00:00:04.03
