Build started 10/19/2015 2:11:36 PM.
     1>Project "H:\rectangle\rectangle\rectangle.vcxproj" on node 2 (build target(s)).
     1>InitializeBuildStatus:
         Creating "Debug\rectangle.unsuccessfulbuild" because "AlwaysCreate" was specified.
       ClCompile:
         c:\Program Files\Microsoft Visual Studio 10.0\VC\bin\CL.exe /c /ZI /nologo /W3 /WX- /Od /Oy- /D WIN32 /D _DEBUG /D _CONSOLE /D _UNICODE /D UNICODE /Gm /EHsc /RTC1 /MDd /GS /fp:precise /Zc:wchar_t /Zc:forScope /Fo"Debug\\" /Fd"Debug\vc100.pdb" /Gd /TP /analyze- /errorReport:prompt main.cpp
         main.cpp
       ManifestResourceCompile:
         C:\Program Files\Microsoft SDKs\Windows\v7.0A\bin\rc.exe /nologo /fo"Debug\rectangle.exe.embed.manifest.res" Debug\rectangle_manifest.rc 
       Link:
         c:\Program Files\Microsoft Visual Studio 10.0\VC\bin\link.exe /ERRORREPORT:PROMPT /OUT:"H:\rectangle\Debug\rectangle.exe" /INCREMENTAL /NOLOGO kernel32.lib user32.lib gdi32.lib winspool.lib comdlg32.lib advapi32.lib shell32.lib ole32.lib oleaut32.lib uuid.lib odbc32.lib odbccp32.lib /MANIFEST /ManifestFile:"Debug\rectangle.exe.intermediate.manifest" /MANIFESTUAC:"level='asInvoker' uiAccess='false'" /DEBUG /PDB:"H:\rectangle\Debug\rectangle.pdb" /SUBSYSTEM:CONSOLE /TLBID:1 /DYNAMICBASE /NXCOMPAT /IMPLIB:"H:\rectangle\Debug\rectangle.lib" /MACHINE:X86 Debug\rectangle.exe.embed.manifest.res
         Debug\main.obj
         Debug\rectangle.obj
       Manifest:
         C:\Program Files\Microsoft SDKs\Windows\v7.0A\bin\mt.exe /nologo /verbose /out:"Debug\rectangle.exe.embed.manifest" /manifest Debug\rectangle.exe.intermediate.manifest
         C:\Program Files\Microsoft SDKs\Windows\v7.0A\bin\rc.exe /nologo /fo"Debug\rectangle.exe.embed.manifest.res" Debug\rectangle_manifest.rc 
       LinkEmbedManifest:
         c:\Program Files\Microsoft Visual Studio 10.0\VC\bin\link.exe /ERRORREPORT:PROMPT /OUT:"H:\rectangle\Debug\rectangle.exe" /INCREMENTAL /NOLOGO kernel32.lib user32.lib gdi32.lib winspool.lib comdlg32.lib advapi32.lib shell32.lib ole32.lib oleaut32.lib uuid.lib odbc32.lib odbccp32.lib /MANIFEST /ManifestFile:"Debug\rectangle.exe.intermediate.manifest" /MANIFESTUAC:"level='asInvoker' uiAccess='false'" /DEBUG /PDB:"H:\rectangle\Debug\rectangle.pdb" /SUBSYSTEM:CONSOLE /TLBID:1 /DYNAMICBASE /NXCOMPAT /IMPLIB:"H:\rectangle\Debug\rectangle.lib" /MACHINE:X86 Debug\rectangle.exe.embed.manifest.res
         Debug\main.obj
         Debug\rectangle.obj
         rectangle.vcxproj -> H:\rectangle\Debug\rectangle.exe
       FinalizeBuildStatus:
         Deleting file "Debug\rectangle.unsuccessfulbuild".
         Touching "Debug\rectangle.lastbuildstate".
     1>Done Building Project "H:\rectangle\rectangle\rectangle.vcxproj" (build target(s)).

Build succeeded.

Time Elapsed 00:00:01.94
