Build started 4/8/2015 7:59:36 AM.
     1>Project "H:\c++\libraryBooks\libraryBooks\libraryBooks.vcxproj" on node 2 (build target(s)).
     1>PrepareForBuild:
         Creating directory "H:\c++\libraryBooks\Debug\".
       InitializeBuildStatus:
         Creating "Debug\libraryBooks.unsuccessfulbuild" because "AlwaysCreate" was specified.
       ClCompile:
         c:\Program Files\Microsoft Visual Studio 10.0\VC\bin\CL.exe /c /ZI /nologo /W3 /WX- /Od /Oy- /D WIN32 /D _DEBUG /D _CONSOLE /D _UNICODE /D UNICODE /Gm /EHsc /RTC1 /MDd /GS /fp:precise /Zc:wchar_t /Zc:forScope /Fo"Debug\\" /Fd"Debug\vc100.pdb" /Gd /TP /analyze- /errorReport:prompt libraryBooks.cpp
         libraryBooks.cpp
     1>h:\c++\librarybooks\librarybooks\librarybooks.cpp(26): warning C4244: '+=' : conversion from 'double' to 'float', possible loss of data
       ManifestResourceCompile:
         C:\Program Files\Microsoft SDKs\Windows\v7.0A\bin\rc.exe /nologo /fo"Debug\libraryBooks.exe.embed.manifest.res" Debug\libraryBooks_manifest.rc 
       Link:
         c:\Program Files\Microsoft Visual Studio 10.0\VC\bin\link.exe /ERRORREPORT:PROMPT /OUT:"H:\c++\libraryBooks\Debug\libraryBooks.exe" /INCREMENTAL /NOLOGO kernel32.lib user32.lib gdi32.lib winspool.lib comdlg32.lib advapi32.lib shell32.lib ole32.lib oleaut32.lib uuid.lib odbc32.lib odbccp32.lib /MANIFEST /ManifestFile:"Debug\libraryBooks.exe.intermediate.manifest" /MANIFESTUAC:"level='asInvoker' uiAccess='false'" /DEBUG /PDB:"H:\c++\libraryBooks\Debug\libraryBooks.pdb" /SUBSYSTEM:CONSOLE /TLBID:1 /DYNAMICBASE /NXCOMPAT /IMPLIB:"H:\c++\libraryBooks\Debug\libraryBooks.lib" /MACHINE:X86 Debug\libraryBooks.exe.embed.manifest.res
         Debug\libraryBooks.obj
       Manifest:
         C:\Program Files\Microsoft SDKs\Windows\v7.0A\bin\mt.exe /nologo /verbose /out:"Debug\libraryBooks.exe.embed.manifest" /manifest Debug\libraryBooks.exe.intermediate.manifest
         C:\Program Files\Microsoft SDKs\Windows\v7.0A\bin\rc.exe /nologo /fo"Debug\libraryBooks.exe.embed.manifest.res" Debug\libraryBooks_manifest.rc 
       LinkEmbedManifest:
         c:\Program Files\Microsoft Visual Studio 10.0\VC\bin\link.exe /ERRORREPORT:PROMPT /OUT:"H:\c++\libraryBooks\Debug\libraryBooks.exe" /INCREMENTAL /NOLOGO kernel32.lib user32.lib gdi32.lib winspool.lib comdlg32.lib advapi32.lib shell32.lib ole32.lib oleaut32.lib uuid.lib odbc32.lib odbccp32.lib /MANIFEST /ManifestFile:"Debug\libraryBooks.exe.intermediate.manifest" /MANIFESTUAC:"level='asInvoker' uiAccess='false'" /DEBUG /PDB:"H:\c++\libraryBooks\Debug\libraryBooks.pdb" /SUBSYSTEM:CONSOLE /TLBID:1 /DYNAMICBASE /NXCOMPAT /IMPLIB:"H:\c++\libraryBooks\Debug\libraryBooks.lib" /MACHINE:X86 Debug\libraryBooks.exe.embed.manifest.res
         Debug\libraryBooks.obj
         libraryBooks.vcxproj -> H:\c++\libraryBooks\Debug\libraryBooks.exe
       FinalizeBuildStatus:
         Deleting file "Debug\libraryBooks.unsuccessfulbuild".
         Touching "Debug\libraryBooks.lastbuildstate".
     1>Done Building Project "H:\c++\libraryBooks\libraryBooks\libraryBooks.vcxproj" (build target(s)).

Build succeeded.

Time Elapsed 00:00:03.69
