Build started 9/28/2015 2:11:04 PM.
     1>Project "H:\connect4_1\connect4_1\connect4_1.vcxproj" on node 2 (build target(s)).
     1>InitializeBuildStatus:
         Creating "Debug\connect4_1.unsuccessfulbuild" because "AlwaysCreate" was specified.
       ClCompile:
         c:\Program Files\Microsoft Visual Studio 10.0\VC\bin\CL.exe /c /ZI /nologo /W3 /WX- /Od /Oy- /D WIN32 /D _DEBUG /D _CONSOLE /D _UNICODE /D UNICODE /Gm /EHsc /RTC1 /MDd /GS /fp:precise /Zc:wchar_t /Zc:forScope /Fo"Debug\\" /Fd"Debug\vc100.pdb" /Gd /TP /analyze- /errorReport:prompt source.cpp
         source.cpp
     1>h:\connect4_1\connect4_1\source.cpp(45): warning C4018: '<' : signed/unsigned mismatch
     1>h:\connect4_1\connect4_1\source.cpp(50): warning C4018: '<' : signed/unsigned mismatch
       ManifestResourceCompile:
         All outputs are up-to-date.
       Link:
         c:\Program Files\Microsoft Visual Studio 10.0\VC\bin\link.exe /ERRORREPORT:PROMPT /OUT:"H:\connect4_1\Debug\connect4_1.exe" /INCREMENTAL /NOLOGO kernel32.lib user32.lib gdi32.lib winspool.lib comdlg32.lib advapi32.lib shell32.lib ole32.lib oleaut32.lib uuid.lib odbc32.lib odbccp32.lib /MANIFEST /ManifestFile:"Debug\connect4_1.exe.intermediate.manifest" /MANIFESTUAC:"level='asInvoker' uiAccess='false'" /DEBUG /PDB:"H:\connect4_1\Debug\connect4_1.pdb" /SUBSYSTEM:CONSOLE /TLBID:1 /DYNAMICBASE /NXCOMPAT /IMPLIB:"H:\connect4_1\Debug\connect4_1.lib" /MACHINE:X86 Debug\connect4_1.exe.embed.manifest.res
         Debug\source.obj
       Manifest:
         C:\Program Files\Microsoft SDKs\Windows\v7.0A\bin\mt.exe /nologo /verbose /out:"Debug\connect4_1.exe.embed.manifest" /manifest Debug\connect4_1.exe.intermediate.manifest
         All outputs are up-to-date.
       LinkEmbedManifest:
         All outputs are up-to-date.
         connect4_1.vcxproj -> H:\connect4_1\Debug\connect4_1.exe
       FinalizeBuildStatus:
         Deleting file "Debug\connect4_1.unsuccessfulbuild".
         Touching "Debug\connect4_1.lastbuildstate".
     1>Done Building Project "H:\connect4_1\connect4_1\connect4_1.vcxproj" (build target(s)).

Build succeeded.

Time Elapsed 00:00:02.55
