Build started 10/13/2015 1:38:21 PM.
     1>Project "H:\compare\compare\compare.vcxproj" on node 2 (build target(s)).
     1>InitializeBuildStatus:
         Creating "Debug\compare.unsuccessfulbuild" because "AlwaysCreate" was specified.
       ClCompile:
         c:\Program Files\Microsoft Visual Studio 10.0\VC\bin\CL.exe /c /ZI /nologo /W3 /WX- /Od /Oy- /D WIN32 /D _DEBUG /D _CONSOLE /D _UNICODE /D UNICODE /Gm /EHsc /RTC1 /MDd /GS /fp:precise /Zc:wchar_t /Zc:forScope /Fo"Debug\\" /Fd"Debug\vc100.pdb" /Gd /TP /analyze- /errorReport:prompt source.cpp
         source.cpp
     1>h:\compare\compare\source.cpp(13): warning C4305: 'initializing' : truncation from 'double' to 'float'
       ManifestResourceCompile:
         All outputs are up-to-date.
       Link:
         c:\Program Files\Microsoft Visual Studio 10.0\VC\bin\link.exe /ERRORREPORT:PROMPT /OUT:"H:\compare\Debug\compare.exe" /INCREMENTAL /NOLOGO kernel32.lib user32.lib gdi32.lib winspool.lib comdlg32.lib advapi32.lib shell32.lib ole32.lib oleaut32.lib uuid.lib odbc32.lib odbccp32.lib /MANIFEST /ManifestFile:"Debug\compare.exe.intermediate.manifest" /MANIFESTUAC:"level='asInvoker' uiAccess='false'" /DEBUG /PDB:"H:\compare\Debug\compare.pdb" /SUBSYSTEM:CONSOLE /TLBID:1 /DYNAMICBASE /NXCOMPAT /IMPLIB:"H:\compare\Debug\compare.lib" /MACHINE:X86 Debug\compare.exe.embed.manifest.res
         Debug\source.obj
       Manifest:
         C:\Program Files\Microsoft SDKs\Windows\v7.0A\bin\mt.exe /nologo /verbose /out:"Debug\compare.exe.embed.manifest" /manifest Debug\compare.exe.intermediate.manifest
         All outputs are up-to-date.
       LinkEmbedManifest:
         c:\Program Files\Microsoft Visual Studio 10.0\VC\bin\link.exe /ERRORREPORT:PROMPT /OUT:"H:\compare\Debug\compare.exe" /INCREMENTAL /NOLOGO kernel32.lib user32.lib gdi32.lib winspool.lib comdlg32.lib advapi32.lib shell32.lib ole32.lib oleaut32.lib uuid.lib odbc32.lib odbccp32.lib /MANIFEST /ManifestFile:"Debug\compare.exe.intermediate.manifest" /MANIFESTUAC:"level='asInvoker' uiAccess='false'" /DEBUG /PDB:"H:\compare\Debug\compare.pdb" /SUBSYSTEM:CONSOLE /TLBID:1 /DYNAMICBASE /NXCOMPAT /IMPLIB:"H:\compare\Debug\compare.lib" /MACHINE:X86 Debug\compare.exe.embed.manifest.res
         Debug\source.obj
         compare.vcxproj -> H:\compare\Debug\compare.exe
       FinalizeBuildStatus:
         Deleting file "Debug\compare.unsuccessfulbuild".
         Touching "Debug\compare.lastbuildstate".
     1>Done Building Project "H:\compare\compare\compare.vcxproj" (build target(s)).

Build succeeded.

Time Elapsed 00:00:03.97
