Build started 4/21/2015 8:34:28 AM.
     1>Project "H:\c++\concertTickets\concertTickets\concertTickets.vcxproj" on node 2 (build target(s)).
     1>InitializeBuildStatus:
         Creating "Debug\concertTickets.unsuccessfulbuild" because "AlwaysCreate" was specified.
       ClCompile:
         c:\Program Files\Microsoft Visual Studio 10.0\VC\bin\CL.exe /c /ZI /nologo /W3 /WX- /Od /Oy- /D WIN32 /D _DEBUG /D _CONSOLE /D _UNICODE /D UNICODE /Gm /EHsc /RTC1 /MDd /GS /fp:precise /Zc:wchar_t /Zc:forScope /Fo"Debug\\" /Fd"Debug\vc100.pdb" /Gd /TP /analyze- /errorReport:prompt concertTickets.cpp
         concertTickets.cpp
       ManifestResourceCompile:
         C:\Program Files\Microsoft SDKs\Windows\v7.0A\bin\rc.exe /nologo /fo"Debug\concertTickets.exe.embed.manifest.res" Debug\concertTickets_manifest.rc 
       Link:
         c:\Program Files\Microsoft Visual Studio 10.0\VC\bin\link.exe /ERRORREPORT:PROMPT /OUT:"H:\c++\concertTickets\Debug\concertTickets.exe" /INCREMENTAL /NOLOGO kernel32.lib user32.lib gdi32.lib winspool.lib comdlg32.lib advapi32.lib shell32.lib ole32.lib oleaut32.lib uuid.lib odbc32.lib odbccp32.lib /MANIFEST /ManifestFile:"Debug\concertTickets.exe.intermediate.manifest" /MANIFESTUAC:"level='asInvoker' uiAccess='false'" /DEBUG /PDB:"H:\c++\concertTickets\Debug\concertTickets.pdb" /SUBSYSTEM:CONSOLE /TLBID:1 /DYNAMICBASE /NXCOMPAT /IMPLIB:"H:\c++\concertTickets\Debug\concertTickets.lib" /MACHINE:X86 Debug\concertTickets.exe.embed.manifest.res
         Debug\concertTickets.obj
       Manifest:
         C:\Program Files\Microsoft SDKs\Windows\v7.0A\bin\mt.exe /nologo /verbose /out:"Debug\concertTickets.exe.embed.manifest" /manifest Debug\concertTickets.exe.intermediate.manifest
         C:\Program Files\Microsoft SDKs\Windows\v7.0A\bin\rc.exe /nologo /fo"Debug\concertTickets.exe.embed.manifest.res" Debug\concertTickets_manifest.rc 
       LinkEmbedManifest:
         c:\Program Files\Microsoft Visual Studio 10.0\VC\bin\link.exe /ERRORREPORT:PROMPT /OUT:"H:\c++\concertTickets\Debug\concertTickets.exe" /INCREMENTAL /NOLOGO kernel32.lib user32.lib gdi32.lib winspool.lib comdlg32.lib advapi32.lib shell32.lib ole32.lib oleaut32.lib uuid.lib odbc32.lib odbccp32.lib /MANIFEST /ManifestFile:"Debug\concertTickets.exe.intermediate.manifest" /MANIFESTUAC:"level='asInvoker' uiAccess='false'" /DEBUG /PDB:"H:\c++\concertTickets\Debug\concertTickets.pdb" /SUBSYSTEM:CONSOLE /TLBID:1 /DYNAMICBASE /NXCOMPAT /IMPLIB:"H:\c++\concertTickets\Debug\concertTickets.lib" /MACHINE:X86 Debug\concertTickets.exe.embed.manifest.res
         Debug\concertTickets.obj
         concertTickets.vcxproj -> H:\c++\concertTickets\Debug\concertTickets.exe
       FinalizeBuildStatus:
         Deleting file "Debug\concertTickets.unsuccessfulbuild".
         Touching "Debug\concertTickets.lastbuildstate".
     1>Done Building Project "H:\c++\concertTickets\concertTickets\concertTickets.vcxproj" (build target(s)).

Build succeeded.

Time Elapsed 00:00:09.69
