Build started 4/22/2015 9:17:45 AM.
     1>Project "H:\c++\fiveNums\fiveNums\fiveNums.vcxproj" on node 2 (build target(s)).
     1>InitializeBuildStatus:
         Creating "Debug\fiveNums.unsuccessfulbuild" because "AlwaysCreate" was specified.
       ClCompile:
         c:\Program Files\Microsoft Visual Studio 10.0\VC\bin\CL.exe /c /ZI /nologo /W3 /WX- /Od /Oy- /D WIN32 /D _DEBUG /D _CONSOLE /D _UNICODE /D UNICODE /Gm /EHsc /RTC1 /MDd /GS /fp:precise /Zc:wchar_t /Zc:forScope /Fo"Debug\\" /Fd"Debug\vc100.pdb" /Gd /TP /analyze- /errorReport:prompt fiveNums.cpp
         fiveNums.cpp
       ManifestResourceCompile:
         C:\Program Files\Microsoft SDKs\Windows\v7.0A\bin\rc.exe /nologo /fo"Debug\fiveNums.exe.embed.manifest.res" Debug\fiveNums_manifest.rc 
       Link:
         c:\Program Files\Microsoft Visual Studio 10.0\VC\bin\link.exe /ERRORREPORT:PROMPT /OUT:"H:\c++\fiveNums\Debug\fiveNums.exe" /INCREMENTAL /NOLOGO kernel32.lib user32.lib gdi32.lib winspool.lib comdlg32.lib advapi32.lib shell32.lib ole32.lib oleaut32.lib uuid.lib odbc32.lib odbccp32.lib /MANIFEST /ManifestFile:"Debug\fiveNums.exe.intermediate.manifest" /MANIFESTUAC:"level='asInvoker' uiAccess='false'" /DEBUG /PDB:"H:\c++\fiveNums\Debug\fiveNums.pdb" /SUBSYSTEM:CONSOLE /TLBID:1 /DYNAMICBASE /NXCOMPAT /IMPLIB:"H:\c++\fiveNums\Debug\fiveNums.lib" /MACHINE:X86 Debug\fiveNums.exe.embed.manifest.res
         Debug\fiveNums.obj
       Manifest:
         C:\Program Files\Microsoft SDKs\Windows\v7.0A\bin\mt.exe /nologo /verbose /out:"Debug\fiveNums.exe.embed.manifest" /manifest Debug\fiveNums.exe.intermediate.manifest
         C:\Program Files\Microsoft SDKs\Windows\v7.0A\bin\rc.exe /nologo /fo"Debug\fiveNums.exe.embed.manifest.res" Debug\fiveNums_manifest.rc 
       LinkEmbedManifest:
         c:\Program Files\Microsoft Visual Studio 10.0\VC\bin\link.exe /ERRORREPORT:PROMPT /OUT:"H:\c++\fiveNums\Debug\fiveNums.exe" /INCREMENTAL /NOLOGO kernel32.lib user32.lib gdi32.lib winspool.lib comdlg32.lib advapi32.lib shell32.lib ole32.lib oleaut32.lib uuid.lib odbc32.lib odbccp32.lib /MANIFEST /ManifestFile:"Debug\fiveNums.exe.intermediate.manifest" /MANIFESTUAC:"level='asInvoker' uiAccess='false'" /DEBUG /PDB:"H:\c++\fiveNums\Debug\fiveNums.pdb" /SUBSYSTEM:CONSOLE /TLBID:1 /DYNAMICBASE /NXCOMPAT /IMPLIB:"H:\c++\fiveNums\Debug\fiveNums.lib" /MACHINE:X86 Debug\fiveNums.exe.embed.manifest.res
         Debug\fiveNums.obj
         fiveNums.vcxproj -> H:\c++\fiveNums\Debug\fiveNums.exe
       FinalizeBuildStatus:
         Deleting file "Debug\fiveNums.unsuccessfulbuild".
         Touching "Debug\fiveNums.lastbuildstate".
     1>Done Building Project "H:\c++\fiveNums\fiveNums\fiveNums.vcxproj" (build target(s)).

Build succeeded.

Time Elapsed 00:00:04.28
