Build started 11/12/2015 1:25:42 PM.
     1>Project "H:\practiceVectors (2)\practiceVectors\practiceVectors\practiceVectors.vcxproj" on node 2 (build target(s)).
     1>InitializeBuildStatus:
         Creating "Debug\practiceVectors.unsuccessfulbuild" because "AlwaysCreate" was specified.
       ClCompile:
         c:\Program Files\Microsoft Visual Studio 10.0\VC\bin\CL.exe /c /ZI /nologo /W3 /WX- /Od /Oy- /D WIN32 /D _DEBUG /D _CONSOLE /D _UNICODE /D UNICODE /Gm /EHsc /RTC1 /MDd /GS /fp:precise /Zc:wchar_t /Zc:forScope /Fo"Debug\\" /Fd"Debug\vc100.pdb" /Gd /TP /analyze- /errorReport:prompt source.cpp
         source.cpp
     1>h:\practicevectors (2)\practicevectors\practicevectors\source.cpp(14): warning C4018: '<' : signed/unsigned mismatch
     1>h:\practicevectors (2)\practicevectors\practicevectors\source.cpp(39): warning C4018: '<' : signed/unsigned mismatch
     1>h:\practicevectors (2)\practicevectors\practicevectors\source.cpp(48): warning C4018: '<' : signed/unsigned mismatch
       ManifestResourceCompile:
         C:\Program Files\Microsoft SDKs\Windows\v7.0A\bin\rc.exe /nologo /fo"Debug\practiceVectors.exe.embed.manifest.res" Debug\practiceVectors_manifest.rc 
       Link:
         c:\Program Files\Microsoft Visual Studio 10.0\VC\bin\link.exe /ERRORREPORT:PROMPT /OUT:"H:\practiceVectors (2)\practiceVectors\Debug\practiceVectors.exe" /INCREMENTAL /NOLOGO kernel32.lib user32.lib gdi32.lib winspool.lib comdlg32.lib advapi32.lib shell32.lib ole32.lib oleaut32.lib uuid.lib odbc32.lib odbccp32.lib /MANIFEST /ManifestFile:"Debug\practiceVectors.exe.intermediate.manifest" /MANIFESTUAC:"level='asInvoker' uiAccess='false'" /DEBUG /PDB:"H:\practiceVectors (2)\practiceVectors\Debug\practiceVectors.pdb" /SUBSYSTEM:CONSOLE /TLBID:1 /DYNAMICBASE /NXCOMPAT /IMPLIB:"H:\practiceVectors (2)\practiceVectors\Debug\practiceVectors.lib" /MACHINE:X86 Debug\practiceVectors.exe.embed.manifest.res
         Debug\source.obj
       Manifest:
         Deleting file "Debug\practiceVectors.exe.embed.manifest".
         C:\Program Files\Microsoft SDKs\Windows\v7.0A\bin\mt.exe /nologo /verbose /out:"Debug\practiceVectors.exe.embed.manifest" /manifest Debug\practiceVectors.exe.intermediate.manifest
         C:\Program Files\Microsoft SDKs\Windows\v7.0A\bin\rc.exe /nologo /fo"Debug\practiceVectors.exe.embed.manifest.res" Debug\practiceVectors_manifest.rc 
       LinkEmbedManifest:
         c:\Program Files\Microsoft Visual Studio 10.0\VC\bin\link.exe /ERRORREPORT:PROMPT /OUT:"H:\practiceVectors (2)\practiceVectors\Debug\practiceVectors.exe" /INCREMENTAL /NOLOGO kernel32.lib user32.lib gdi32.lib winspool.lib comdlg32.lib advapi32.lib shell32.lib ole32.lib oleaut32.lib uuid.lib odbc32.lib odbccp32.lib /MANIFEST /ManifestFile:"Debug\practiceVectors.exe.intermediate.manifest" /MANIFESTUAC:"level='asInvoker' uiAccess='false'" /DEBUG /PDB:"H:\practiceVectors (2)\practiceVectors\Debug\practiceVectors.pdb" /SUBSYSTEM:CONSOLE /TLBID:1 /DYNAMICBASE /NXCOMPAT /IMPLIB:"H:\practiceVectors (2)\practiceVectors\Debug\practiceVectors.lib" /MACHINE:X86 Debug\practiceVectors.exe.embed.manifest.res
         Debug\source.obj
         practiceVectors.vcxproj -> H:\practiceVectors (2)\practiceVectors\Debug\practiceVectors.exe
       FinalizeBuildStatus:
         Deleting file "Debug\practiceVectors.unsuccessfulbuild".
         Touching "Debug\practiceVectors.lastbuildstate".
     1>Done Building Project "H:\practiceVectors (2)\practiceVectors\practiceVectors\practiceVectors.vcxproj" (build target(s)).

Build succeeded.

Time Elapsed 00:00:03.33
