Build started 11/12/2015 1:29:29 PM.
     1>Project "H:\bitCompresser\bitCompresser\bitCompresser.vcxproj" on node 2 (build target(s)).
     1>InitializeBuildStatus:
         Creating "Debug\bitCompresser.unsuccessfulbuild" because "AlwaysCreate" was specified.
       ClCompile:
         c:\Program Files\Microsoft Visual Studio 10.0\VC\bin\CL.exe /c /ZI /nologo /W3 /WX- /Od /Oy- /D WIN32 /D _DEBUG /D _CONSOLE /D _UNICODE /D UNICODE /Gm /EHsc /RTC1 /MDd /GS /fp:precise /Zc:wchar_t /Zc:forScope /Fo"Debug\\" /Fd"Debug\vc100.pdb" /Gd /TP /analyze- /errorReport:prompt main.cpp
         main.cpp
     1>h:\bitcompresser\bitcompresser\main.cpp(41): warning C4018: '<' : signed/unsigned mismatch
     1>h:\bitcompresser\bitcompresser\main.cpp(44): warning C4805: '==' : unsafe mix of type 'unsigned int' and type 'bool' in operation
     1>h:\bitcompresser\bitcompresser\main.cpp(47): warning C4805: '==' : unsafe mix of type 'unsigned int' and type 'bool' in operation
     1>h:\bitcompresser\bitcompresser\main.cpp(50): warning C4805: '==' : unsafe mix of type 'unsigned int' and type 'bool' in operation
       ManifestResourceCompile:
         C:\Program Files\Microsoft SDKs\Windows\v7.0A\bin\rc.exe /nologo /fo"Debug\bitCompresser.exe.embed.manifest.res" Debug\bitCompresser_manifest.rc 
       Link:
         c:\Program Files\Microsoft Visual Studio 10.0\VC\bin\link.exe /ERRORREPORT:PROMPT /OUT:"H:\bitCompresser\Debug\bitCompresser.exe" /INCREMENTAL /NOLOGO kernel32.lib user32.lib gdi32.lib winspool.lib comdlg32.lib advapi32.lib shell32.lib ole32.lib oleaut32.lib uuid.lib odbc32.lib odbccp32.lib /MANIFEST /ManifestFile:"Debug\bitCompresser.exe.intermediate.manifest" /MANIFESTUAC:"level='asInvoker' uiAccess='false'" /DEBUG /PDB:"H:\bitCompresser\Debug\bitCompresser.pdb" /SUBSYSTEM:CONSOLE /TLBID:1 /DYNAMICBASE /NXCOMPAT /IMPLIB:"H:\bitCompresser\Debug\bitCompresser.lib" /MACHINE:X86 Debug\bitCompresser.exe.embed.manifest.res
         Debug\main.obj
       Manifest:
         C:\Program Files\Microsoft SDKs\Windows\v7.0A\bin\mt.exe /nologo /verbose /out:"Debug\bitCompresser.exe.embed.manifest" /manifest Debug\bitCompresser.exe.intermediate.manifest
         C:\Program Files\Microsoft SDKs\Windows\v7.0A\bin\rc.exe /nologo /fo"Debug\bitCompresser.exe.embed.manifest.res" Debug\bitCompresser_manifest.rc 
       LinkEmbedManifest:
         c:\Program Files\Microsoft Visual Studio 10.0\VC\bin\link.exe /ERRORREPORT:PROMPT /OUT:"H:\bitCompresser\Debug\bitCompresser.exe" /INCREMENTAL /NOLOGO kernel32.lib user32.lib gdi32.lib winspool.lib comdlg32.lib advapi32.lib shell32.lib ole32.lib oleaut32.lib uuid.lib odbc32.lib odbccp32.lib /MANIFEST /ManifestFile:"Debug\bitCompresser.exe.intermediate.manifest" /MANIFESTUAC:"level='asInvoker' uiAccess='false'" /DEBUG /PDB:"H:\bitCompresser\Debug\bitCompresser.pdb" /SUBSYSTEM:CONSOLE /TLBID:1 /DYNAMICBASE /NXCOMPAT /IMPLIB:"H:\bitCompresser\Debug\bitCompresser.lib" /MACHINE:X86 Debug\bitCompresser.exe.embed.manifest.res
         Debug\main.obj
         bitCompresser.vcxproj -> H:\bitCompresser\Debug\bitCompresser.exe
       FinalizeBuildStatus:
         Deleting file "Debug\bitCompresser.unsuccessfulbuild".
         Touching "Debug\bitCompresser.lastbuildstate".
     1>Done Building Project "H:\bitCompresser\bitCompresser\bitCompresser.vcxproj" (build target(s)).

Build succeeded.

Time Elapsed 00:00:03.42
