Build started 4/20/2015 9:29:38 AM.
     1>Project "H:\c++\loops\loops\loops.vcxproj" on node 2 (build target(s)).
     1>InitializeBuildStatus:
         Creating "Debug\loops.unsuccessfulbuild" because "AlwaysCreate" was specified.
       ClCompile:
         All outputs are up-to-date.
       ManifestResourceCompile:
         C:\Program Files\Microsoft SDKs\Windows\v7.0A\bin\rc.exe /nologo /fo"Debug\loops.exe.embed.manifest.res" Debug\loops_manifest.rc 
       Link:
         c:\Program Files\Microsoft Visual Studio 10.0\VC\bin\link.exe /ERRORREPORT:PROMPT /OUT:"H:\c++\loops\Debug\loops.exe" /INCREMENTAL /NOLOGO kernel32.lib user32.lib gdi32.lib winspool.lib comdlg32.lib advapi32.lib shell32.lib ole32.lib oleaut32.lib uuid.lib odbc32.lib odbccp32.lib /MANIFEST /ManifestFile:"Debug\loops.exe.intermediate.manifest" /MANIFESTUAC:"level='asInvoker' uiAccess='false'" /DEBUG /PDB:"H:\c++\loops\Debug\loops.pdb" /SUBSYSTEM:CONSOLE /TLBID:1 /DYNAMICBASE /NXCOMPAT /IMPLIB:"H:\c++\loops\Debug\loops.lib" /MACHINE:X86 Debug\loops.exe.embed.manifest.res
         Debug\loops.obj
       Manifest:
         C:\Program Files\Microsoft SDKs\Windows\v7.0A\bin\mt.exe /nologo /verbose /out:"Debug\loops.exe.embed.manifest" /manifest Debug\loops.exe.intermediate.manifest
         C:\Program Files\Microsoft SDKs\Windows\v7.0A\bin\rc.exe /nologo /fo"Debug\loops.exe.embed.manifest.res" Debug\loops_manifest.rc 
       LinkEmbedManifest:
         c:\Program Files\Microsoft Visual Studio 10.0\VC\bin\link.exe /ERRORREPORT:PROMPT /OUT:"H:\c++\loops\Debug\loops.exe" /INCREMENTAL /NOLOGO kernel32.lib user32.lib gdi32.lib winspool.lib comdlg32.lib advapi32.lib shell32.lib ole32.lib oleaut32.lib uuid.lib odbc32.lib odbccp32.lib /MANIFEST /ManifestFile:"Debug\loops.exe.intermediate.manifest" /MANIFESTUAC:"level='asInvoker' uiAccess='false'" /DEBUG /PDB:"H:\c++\loops\Debug\loops.pdb" /SUBSYSTEM:CONSOLE /TLBID:1 /DYNAMICBASE /NXCOMPAT /IMPLIB:"H:\c++\loops\Debug\loops.lib" /MACHINE:X86 Debug\loops.exe.embed.manifest.res
         Debug\loops.obj
         loops.vcxproj -> H:\c++\loops\Debug\loops.exe
       FinalizeBuildStatus:
         Deleting file "Debug\loops.unsuccessfulbuild".
         Touching "Debug\loops.lastbuildstate".
     1>Done Building Project "H:\c++\loops\loops\loops.vcxproj" (build target(s)).

Build succeeded.

Time Elapsed 00:00:01.25
