Build started 11/4/2015 12:15:04 PM.
     1>Project "H:\bag\bag\bag.vcxproj" on node 2 (build target(s)).
     1>InitializeBuildStatus:
         Creating "Debug\bag.unsuccessfulbuild" because "AlwaysCreate" was specified.
       ClCompile:
         c:\Program Files\Microsoft Visual Studio 10.0\VC\bin\CL.exe /c /ZI /nologo /W3 /WX- /Od /Oy- /D WIN32 /D _DEBUG /D _CONSOLE /D _UNICODE /D UNICODE /Gm /EHsc /RTC1 /MDd /GS /fp:precise /Zc:wchar_t /Zc:forScope /Fo"Debug\\" /Fd"Debug\vc100.pdb" /Gd /TP /analyze- /errorReport:prompt bag.cpp main.cpp
         main.cpp
         Generating Code...
         Compiling...
         bag.cpp
     1>h:\bag\bag\bag.cpp(22): warning C4018: '>=' : signed/unsigned mismatch
         Generating Code...
       ManifestResourceCompile:
         C:\Program Files\Microsoft SDKs\Windows\v7.0A\bin\rc.exe /nologo /fo"Debug\bag.exe.embed.manifest.res" Debug\bag_manifest.rc 
       Link:
         c:\Program Files\Microsoft Visual Studio 10.0\VC\bin\link.exe /ERRORREPORT:PROMPT /OUT:"H:\bag\Debug\bag.exe" /INCREMENTAL /NOLOGO kernel32.lib user32.lib gdi32.lib winspool.lib comdlg32.lib advapi32.lib shell32.lib ole32.lib oleaut32.lib uuid.lib odbc32.lib odbccp32.lib /MANIFEST /ManifestFile:"Debug\bag.exe.intermediate.manifest" /MANIFESTUAC:"level='asInvoker' uiAccess='false'" /DEBUG /PDB:"H:\bag\Debug\bag.pdb" /SUBSYSTEM:CONSOLE /TLBID:1 /DYNAMICBASE /NXCOMPAT /IMPLIB:"H:\bag\Debug\bag.lib" /MACHINE:X86 Debug\bag.exe.embed.manifest.res
         Debug\bag.obj
         Debug\main.obj
       Manifest:
         C:\Program Files\Microsoft SDKs\Windows\v7.0A\bin\mt.exe /nologo /verbose /out:"Debug\bag.exe.embed.manifest" /manifest Debug\bag.exe.intermediate.manifest
         C:\Program Files\Microsoft SDKs\Windows\v7.0A\bin\rc.exe /nologo /fo"Debug\bag.exe.embed.manifest.res" Debug\bag_manifest.rc 
       LinkEmbedManifest:
         c:\Program Files\Microsoft Visual Studio 10.0\VC\bin\link.exe /ERRORREPORT:PROMPT /OUT:"H:\bag\Debug\bag.exe" /INCREMENTAL /NOLOGO kernel32.lib user32.lib gdi32.lib winspool.lib comdlg32.lib advapi32.lib shell32.lib ole32.lib oleaut32.lib uuid.lib odbc32.lib odbccp32.lib /MANIFEST /ManifestFile:"Debug\bag.exe.intermediate.manifest" /MANIFESTUAC:"level='asInvoker' uiAccess='false'" /DEBUG /PDB:"H:\bag\Debug\bag.pdb" /SUBSYSTEM:CONSOLE /TLBID:1 /DYNAMICBASE /NXCOMPAT /IMPLIB:"H:\bag\Debug\bag.lib" /MACHINE:X86 Debug\bag.exe.embed.manifest.res
         Debug\bag.obj
         Debug\main.obj
         bag.vcxproj -> H:\bag\Debug\bag.exe
       FinalizeBuildStatus:
         Deleting file "Debug\bag.unsuccessfulbuild".
         Touching "Debug\bag.lastbuildstate".
     1>Done Building Project "H:\bag\bag\bag.vcxproj" (build target(s)).

Build succeeded.

Time Elapsed 00:00:06.20
