Build started 4/27/2015 8:06:29 AM.
     1>Project "H:\c++\ageRef\ageRef\ageRef.vcxproj" on node 2 (build target(s)).
     1>InitializeBuildStatus:
         Creating "Debug\ageRef.unsuccessfulbuild" because "AlwaysCreate" was specified.
       ClCompile:
         All outputs are up-to-date.
       ManifestResourceCompile:
         C:\Program Files\Microsoft SDKs\Windows\v7.0A\bin\rc.exe /nologo /fo"Debug\ageRef.exe.embed.manifest.res" Debug\ageRef_manifest.rc 
       Link:
         c:\Program Files\Microsoft Visual Studio 10.0\VC\bin\link.exe /ERRORREPORT:PROMPT /OUT:"H:\c++\ageRef\Debug\ageRef.exe" /INCREMENTAL /NOLOGO kernel32.lib user32.lib gdi32.lib winspool.lib comdlg32.lib advapi32.lib shell32.lib ole32.lib oleaut32.lib uuid.lib odbc32.lib odbccp32.lib /MANIFEST /ManifestFile:"Debug\ageRef.exe.intermediate.manifest" /MANIFESTUAC:"level='asInvoker' uiAccess='false'" /DEBUG /PDB:"H:\c++\ageRef\Debug\ageRef.pdb" /SUBSYSTEM:CONSOLE /TLBID:1 /DYNAMICBASE /NXCOMPAT /IMPLIB:"H:\c++\ageRef\Debug\ageRef.lib" /MACHINE:X86 Debug\ageRef.exe.embed.manifest.res
         Debug\ageRef.obj
       Manifest:
         C:\Program Files\Microsoft SDKs\Windows\v7.0A\bin\mt.exe /nologo /verbose /out:"Debug\ageRef.exe.embed.manifest" /manifest Debug\ageRef.exe.intermediate.manifest
         C:\Program Files\Microsoft SDKs\Windows\v7.0A\bin\rc.exe /nologo /fo"Debug\ageRef.exe.embed.manifest.res" Debug\ageRef_manifest.rc 
       LinkEmbedManifest:
         c:\Program Files\Microsoft Visual Studio 10.0\VC\bin\link.exe /ERRORREPORT:PROMPT /OUT:"H:\c++\ageRef\Debug\ageRef.exe" /INCREMENTAL /NOLOGO kernel32.lib user32.lib gdi32.lib winspool.lib comdlg32.lib advapi32.lib shell32.lib ole32.lib oleaut32.lib uuid.lib odbc32.lib odbccp32.lib /MANIFEST /ManifestFile:"Debug\ageRef.exe.intermediate.manifest" /MANIFESTUAC:"level='asInvoker' uiAccess='false'" /DEBUG /PDB:"H:\c++\ageRef\Debug\ageRef.pdb" /SUBSYSTEM:CONSOLE /TLBID:1 /DYNAMICBASE /NXCOMPAT /IMPLIB:"H:\c++\ageRef\Debug\ageRef.lib" /MACHINE:X86 Debug\ageRef.exe.embed.manifest.res
         Debug\ageRef.obj
         ageRef.vcxproj -> H:\c++\ageRef\Debug\ageRef.exe
       FinalizeBuildStatus:
         Deleting file "Debug\ageRef.unsuccessfulbuild".
         Touching "Debug\ageRef.lastbuildstate".
     1>Done Building Project "H:\c++\ageRef\ageRef\ageRef.vcxproj" (build target(s)).

Build succeeded.

Time Elapsed 00:00:01.16
