Build started 5/8/2015 8:38:49 AM.
     1>Project "H:\c++\example\example\example.vcxproj" on node 2 (build target(s)).
     1>InitializeBuildStatus:
         Creating "Debug\example.unsuccessfulbuild" because "AlwaysCreate" was specified.
       ClCompile:
         c:\Program Files\Microsoft Visual Studio 10.0\VC\bin\CL.exe /c /ZI /nologo /W3 /WX- /Od /Oy- /D WIN32 /D _DEBUG /D _CONSOLE /D _UNICODE /D UNICODE /Gm /EHsc /RTC1 /MDd /GS /fp:precise /Zc:wchar_t /Zc:forScope /Fo"Debug\\" /Fd"Debug\vc100.pdb" /Gd /TP /analyze- /errorReport:prompt example.cpp
         example.cpp
     1>h:\c++\example\example\example.cpp(35): warning C4244: '=' : conversion from 'int' to 'float', possible loss of data
       ManifestResourceCompile:
         C:\Program Files\Microsoft SDKs\Windows\v7.0A\bin\rc.exe /nologo /fo"Debug\example.exe.embed.manifest.res" Debug\example_manifest.rc 
       Link:
         c:\Program Files\Microsoft Visual Studio 10.0\VC\bin\link.exe /ERRORREPORT:PROMPT /OUT:"H:\c++\example\Debug\example.exe" /INCREMENTAL /NOLOGO kernel32.lib user32.lib gdi32.lib winspool.lib comdlg32.lib advapi32.lib shell32.lib ole32.lib oleaut32.lib uuid.lib odbc32.lib odbccp32.lib /MANIFEST /ManifestFile:"Debug\example.exe.intermediate.manifest" /MANIFESTUAC:"level='asInvoker' uiAccess='false'" /DEBUG /PDB:"H:\c++\example\Debug\example.pdb" /SUBSYSTEM:CONSOLE /TLBID:1 /DYNAMICBASE /NXCOMPAT /IMPLIB:"H:\c++\example\Debug\example.lib" /MACHINE:X86 Debug\example.exe.embed.manifest.res
         Debug\example.obj
       Manifest:
         C:\Program Files\Microsoft SDKs\Windows\v7.0A\bin\mt.exe /nologo /verbose /out:"Debug\example.exe.embed.manifest" /manifest Debug\example.exe.intermediate.manifest
         C:\Program Files\Microsoft SDKs\Windows\v7.0A\bin\rc.exe /nologo /fo"Debug\example.exe.embed.manifest.res" Debug\example_manifest.rc 
       LinkEmbedManifest:
         c:\Program Files\Microsoft Visual Studio 10.0\VC\bin\link.exe /ERRORREPORT:PROMPT /OUT:"H:\c++\example\Debug\example.exe" /INCREMENTAL /NOLOGO kernel32.lib user32.lib gdi32.lib winspool.lib comdlg32.lib advapi32.lib shell32.lib ole32.lib oleaut32.lib uuid.lib odbc32.lib odbccp32.lib /MANIFEST /ManifestFile:"Debug\example.exe.intermediate.manifest" /MANIFESTUAC:"level='asInvoker' uiAccess='false'" /DEBUG /PDB:"H:\c++\example\Debug\example.pdb" /SUBSYSTEM:CONSOLE /TLBID:1 /DYNAMICBASE /NXCOMPAT /IMPLIB:"H:\c++\example\Debug\example.lib" /MACHINE:X86 Debug\example.exe.embed.manifest.res
         Debug\example.obj
         example.vcxproj -> H:\c++\example\Debug\example.exe
       FinalizeBuildStatus:
         Deleting file "Debug\example.unsuccessfulbuild".
         Touching "Debug\example.lastbuildstate".
     1>Done Building Project "H:\c++\example\example\example.vcxproj" (build target(s)).

Build succeeded.

Time Elapsed 00:00:02.17
