Build started 11/12/2015 12:41:11 PM.
     1>Project "H:\deck\deck\deck.vcxproj" on node 2 (build target(s)).
     1>InitializeBuildStatus:
         Creating "Debug\deck.unsuccessfulbuild" because "AlwaysCreate" was specified.
       ClCompile:
         c:\Program Files\Microsoft Visual Studio 10.0\VC\bin\CL.exe /c /ZI /nologo /W3 /WX- /Od /Oy- /D WIN32 /D _DEBUG /D _CONSOLE /D _UNICODE /D UNICODE /Gm /EHsc /RTC1 /MDd /GS /fp:precise /Zc:wchar_t /Zc:forScope /Fo"Debug\\" /Fd"Debug\vc100.pdb" /Gd /TP /analyze- /errorReport:prompt main.cpp
         main.cpp
       ManifestResourceCompile:
         C:\Program Files\Microsoft SDKs\Windows\v7.0A\bin\rc.exe /nologo /fo"Debug\deck.exe.embed.manifest.res" Debug\deck_manifest.rc 
       Link:
         c:\Program Files\Microsoft Visual Studio 10.0\VC\bin\link.exe /ERRORREPORT:PROMPT /OUT:"H:\deck\Debug\deck.exe" /INCREMENTAL /NOLOGO kernel32.lib user32.lib gdi32.lib winspool.lib comdlg32.lib advapi32.lib shell32.lib ole32.lib oleaut32.lib uuid.lib odbc32.lib odbccp32.lib /MANIFEST /ManifestFile:"Debug\deck.exe.intermediate.manifest" /MANIFESTUAC:"level='asInvoker' uiAccess='false'" /DEBUG /PDB:"H:\deck\Debug\deck.pdb" /SUBSYSTEM:CONSOLE /TLBID:1 /DYNAMICBASE /NXCOMPAT /IMPLIB:"H:\deck\Debug\deck.lib" /MACHINE:X86 Debug\deck.exe.embed.manifest.res
         Debug\card.obj
         Debug\deck.obj
         Debug\main.obj
       Manifest:
         C:\Program Files\Microsoft SDKs\Windows\v7.0A\bin\mt.exe /nologo /verbose /out:"Debug\deck.exe.embed.manifest" /manifest Debug\deck.exe.intermediate.manifest
         C:\Program Files\Microsoft SDKs\Windows\v7.0A\bin\rc.exe /nologo /fo"Debug\deck.exe.embed.manifest.res" Debug\deck_manifest.rc 
       LinkEmbedManifest:
         c:\Program Files\Microsoft Visual Studio 10.0\VC\bin\link.exe /ERRORREPORT:PROMPT /OUT:"H:\deck\Debug\deck.exe" /INCREMENTAL /NOLOGO kernel32.lib user32.lib gdi32.lib winspool.lib comdlg32.lib advapi32.lib shell32.lib ole32.lib oleaut32.lib uuid.lib odbc32.lib odbccp32.lib /MANIFEST /ManifestFile:"Debug\deck.exe.intermediate.manifest" /MANIFESTUAC:"level='asInvoker' uiAccess='false'" /DEBUG /PDB:"H:\deck\Debug\deck.pdb" /SUBSYSTEM:CONSOLE /TLBID:1 /DYNAMICBASE /NXCOMPAT /IMPLIB:"H:\deck\Debug\deck.lib" /MACHINE:X86 Debug\deck.exe.embed.manifest.res
         Debug\card.obj
         Debug\deck.obj
         Debug\main.obj
         deck.vcxproj -> H:\deck\Debug\deck.exe
       FinalizeBuildStatus:
         Deleting file "Debug\deck.unsuccessfulbuild".
         Touching "Debug\deck.lastbuildstate".
     1>Done Building Project "H:\deck\deck\deck.vcxproj" (build target(s)).

Build succeeded.

Time Elapsed 00:00:05.58
