Build started 9/2/2015 12:15:48 PM.
     1>Project "C:\Users\707308.STHS\documents\visual studio 2010\Projects\connect4\connect4\connect4.vcxproj" on node 2 (build target(s)).
     1>InitializeBuildStatus:
         Creating "Debug\connect4.unsuccessfulbuild" because "AlwaysCreate" was specified.
       ClCompile:
         c:\Program Files\Microsoft Visual Studio 10.0\VC\bin\CL.exe /c /ZI /nologo /W3 /WX- /Od /Oy- /D WIN32 /D _DEBUG /D _CONSOLE /D _UNICODE /D UNICODE /Gm /EHsc /RTC1 /MDd /GS /fp:precise /Zc:wchar_t /Zc:forScope /Fo"Debug\\" /Fd"Debug\vc100.pdb" /Gd /TP /analyze- /errorReport:prompt connect4.cpp
         connect4.cpp
       ManifestResourceCompile:
         All outputs are up-to-date.
       Link:
         c:\Program Files\Microsoft Visual Studio 10.0\VC\bin\link.exe /ERRORREPORT:PROMPT /OUT:"C:\Users\707308.STHS\documents\visual studio 2010\Projects\connect4\Debug\connect4.exe" /INCREMENTAL /NOLOGO kernel32.lib user32.lib gdi32.lib winspool.lib comdlg32.lib advapi32.lib shell32.lib ole32.lib oleaut32.lib uuid.lib odbc32.lib odbccp32.lib /MANIFEST /ManifestFile:"Debug\connect4.exe.intermediate.manifest" /MANIFESTUAC:"level='asInvoker' uiAccess='false'" /DEBUG /PDB:"C:\Users\707308.STHS\documents\visual studio 2010\Projects\connect4\Debug\connect4.pdb" /SUBSYSTEM:CONSOLE /TLBID:1 /DYNAMICBASE /NXCOMPAT /IMPLIB:"C:\Users\707308.STHS\documents\visual studio 2010\Projects\connect4\Debug\connect4.lib" /MACHINE:X86 Debug\connect4.exe.embed.manifest.res
         Debug\connect4.obj
       Manifest:
         C:\Program Files\Microsoft SDKs\Windows\v7.0A\bin\mt.exe /nologo /verbose /out:"Debug\connect4.exe.embed.manifest" /manifest Debug\connect4.exe.intermediate.manifest
         All outputs are up-to-date.
       LinkEmbedManifest:
         All outputs are up-to-date.
         connect4.vcxproj -> C:\Users\707308.STHS\documents\visual studio 2010\Projects\connect4\Debug\connect4.exe
       FinalizeBuildStatus:
         Deleting file "Debug\connect4.unsuccessfulbuild".
         Touching "Debug\connect4.lastbuildstate".
     1>Done Building Project "C:\Users\707308.STHS\documents\visual studio 2010\Projects\connect4\connect4\connect4.vcxproj" (build target(s)).

Build succeeded.

Time Elapsed 00:00:07.94
