Build started 9/16/2015 2:10:21 PM.
     1>Project "H:\printName\printName\printName.vcxproj" on node 2 (build target(s)).
     1>InitializeBuildStatus:
         Creating "Debug\printName.unsuccessfulbuild" because "AlwaysCreate" was specified.
       ClCompile:
         All outputs are up-to-date.
       ManifestResourceCompile:
         C:\Program Files\Microsoft SDKs\Windows\v7.0A\bin\rc.exe /nologo /fo"Debug\printName.exe.embed.manifest.res" Debug\printName_manifest.rc 
       Link:
         c:\Program Files\Microsoft Visual Studio 10.0\VC\bin\link.exe /ERRORREPORT:PROMPT /OUT:"H:\printName\Debug\printName.exe" /INCREMENTAL /NOLOGO kernel32.lib user32.lib gdi32.lib winspool.lib comdlg32.lib advapi32.lib shell32.lib ole32.lib oleaut32.lib uuid.lib odbc32.lib odbccp32.lib /MANIFEST /ManifestFile:"Debug\printName.exe.intermediate.manifest" /MANIFESTUAC:"level='asInvoker' uiAccess='false'" /DEBUG /PDB:"H:\printName\Debug\printName.pdb" /SUBSYSTEM:CONSOLE /TLBID:1 /DYNAMICBASE /NXCOMPAT /IMPLIB:"H:\printName\Debug\printName.lib" /MACHINE:X86 Debug\printName.exe.embed.manifest.res
         Debug\source.obj
       Manifest:
         C:\Program Files\Microsoft SDKs\Windows\v7.0A\bin\mt.exe /nologo /verbose /out:"Debug\printName.exe.embed.manifest" /manifest Debug\printName.exe.intermediate.manifest
         C:\Program Files\Microsoft SDKs\Windows\v7.0A\bin\rc.exe /nologo /fo"Debug\printName.exe.embed.manifest.res" Debug\printName_manifest.rc 
       LinkEmbedManifest:
         c:\Program Files\Microsoft Visual Studio 10.0\VC\bin\link.exe /ERRORREPORT:PROMPT /OUT:"H:\printName\Debug\printName.exe" /INCREMENTAL /NOLOGO kernel32.lib user32.lib gdi32.lib winspool.lib comdlg32.lib advapi32.lib shell32.lib ole32.lib oleaut32.lib uuid.lib odbc32.lib odbccp32.lib /MANIFEST /ManifestFile:"Debug\printName.exe.intermediate.manifest" /MANIFESTUAC:"level='asInvoker' uiAccess='false'" /DEBUG /PDB:"H:\printName\Debug\printName.pdb" /SUBSYSTEM:CONSOLE /TLBID:1 /DYNAMICBASE /NXCOMPAT /IMPLIB:"H:\printName\Debug\printName.lib" /MACHINE:X86 Debug\printName.exe.embed.manifest.res
         Debug\source.obj
         printName.vcxproj -> H:\printName\Debug\printName.exe
       FinalizeBuildStatus:
         Deleting file "Debug\printName.unsuccessfulbuild".
         Touching "Debug\printName.lastbuildstate".
     1>Done Building Project "H:\printName\printName\printName.vcxproj" (build target(s)).

Build succeeded.

Time Elapsed 00:00:02.05
