Build started 4/22/2015 8:05:23 AM.
     1>Project "H:\c++\functionExample\functionExample\functionExample.vcxproj" on node 2 (build target(s)).
     1>InitializeBuildStatus:
         Creating "Debug\functionExample.unsuccessfulbuild" because "AlwaysCreate" was specified.
       ClCompile:
         c:\Program Files\Microsoft Visual Studio 10.0\VC\bin\CL.exe /c /ZI /nologo /W3 /WX- /Od /Oy- /D WIN32 /D _DEBUG /D _CONSOLE /D _UNICODE /D UNICODE /Gm /EHsc /RTC1 /MDd /GS /fp:precise /Zc:wchar_t /Zc:forScope /Fo"Debug\\" /Fd"Debug\vc100.pdb" /Gd /TP /analyze- /errorReport:prompt functionExample.cpp
         functionExample.cpp
     1>h:\c++\functionexample\functionexample\functionexample.cpp(49): warning C4244: 'argument' : conversion from 'double' to 'int', possible loss of data
     1>h:\c++\functionexample\functionexample\functionexample.cpp(49): warning C4244: 'argument' : conversion from 'double' to 'int', possible loss of data
     1>h:\c++\functionexample\functionexample\functionexample.cpp(60): warning C4244: 'argument' : conversion from 'double' to 'int', possible loss of data
     1>h:\c++\functionexample\functionexample\functionexample.cpp(60): warning C4244: 'argument' : conversion from 'double' to 'int', possible loss of data
     1>h:\c++\functionexample\functionexample\functionexample.cpp(71): warning C4244: 'argument' : conversion from 'double' to 'int', possible loss of data
     1>h:\c++\functionexample\functionexample\functionexample.cpp(71): warning C4244: 'argument' : conversion from 'double' to 'int', possible loss of data
     1>h:\c++\functionexample\functionexample\functionexample.cpp(82): warning C4244: 'argument' : conversion from 'double' to 'int', possible loss of data
     1>h:\c++\functionexample\functionexample\functionexample.cpp(82): warning C4244: 'argument' : conversion from 'double' to 'int', possible loss of data
     1>h:\c++\functionexample\functionexample\functionexample.cpp(93): warning C4244: 'argument' : conversion from 'double' to 'int', possible loss of data
     1>h:\c++\functionexample\functionexample\functionexample.cpp(93): warning C4244: 'argument' : conversion from 'double' to 'int', possible loss of data
       ManifestResourceCompile:
         C:\Program Files\Microsoft SDKs\Windows\v7.0A\bin\rc.exe /nologo /fo"Debug\functionExample.exe.embed.manifest.res" Debug\functionExample_manifest.rc 
       Link:
         c:\Program Files\Microsoft Visual Studio 10.0\VC\bin\link.exe /ERRORREPORT:PROMPT /OUT:"H:\c++\functionExample\Debug\functionExample.exe" /INCREMENTAL /NOLOGO kernel32.lib user32.lib gdi32.lib winspool.lib comdlg32.lib advapi32.lib shell32.lib ole32.lib oleaut32.lib uuid.lib odbc32.lib odbccp32.lib /MANIFEST /ManifestFile:"Debug\functionExample.exe.intermediate.manifest" /MANIFESTUAC:"level='asInvoker' uiAccess='false'" /DEBUG /PDB:"H:\c++\functionExample\Debug\functionExample.pdb" /SUBSYSTEM:CONSOLE /TLBID:1 /DYNAMICBASE /NXCOMPAT /IMPLIB:"H:\c++\functionExample\Debug\functionExample.lib" /MACHINE:X86 Debug\functionExample.exe.embed.manifest.res
         Debug\functionExample.obj
       Manifest:
         C:\Program Files\Microsoft SDKs\Windows\v7.0A\bin\mt.exe /nologo /verbose /out:"Debug\functionExample.exe.embed.manifest" /manifest Debug\functionExample.exe.intermediate.manifest
         C:\Program Files\Microsoft SDKs\Windows\v7.0A\bin\rc.exe /nologo /fo"Debug\functionExample.exe.embed.manifest.res" Debug\functionExample_manifest.rc 
       LinkEmbedManifest:
         c:\Program Files\Microsoft Visual Studio 10.0\VC\bin\link.exe /ERRORREPORT:PROMPT /OUT:"H:\c++\functionExample\Debug\functionExample.exe" /INCREMENTAL /NOLOGO kernel32.lib user32.lib gdi32.lib winspool.lib comdlg32.lib advapi32.lib shell32.lib ole32.lib oleaut32.lib uuid.lib odbc32.lib odbccp32.lib /MANIFEST /ManifestFile:"Debug\functionExample.exe.intermediate.manifest" /MANIFESTUAC:"level='asInvoker' uiAccess='false'" /DEBUG /PDB:"H:\c++\functionExample\Debug\functionExample.pdb" /SUBSYSTEM:CONSOLE /TLBID:1 /DYNAMICBASE /NXCOMPAT /IMPLIB:"H:\c++\functionExample\Debug\functionExample.lib" /MACHINE:X86 Debug\functionExample.exe.embed.manifest.res
         Debug\functionExample.obj
         functionExample.vcxproj -> H:\c++\functionExample\Debug\functionExample.exe
       FinalizeBuildStatus:
         Deleting file "Debug\functionExample.unsuccessfulbuild".
         Touching "Debug\functionExample.lastbuildstate".
     1>Done Building Project "H:\c++\functionExample\functionExample\functionExample.vcxproj" (build target(s)).

Build succeeded.

Time Elapsed 00:00:02.37
