Build started 11/9/2015 12:30:03 PM.
     1>Project "H:\reportAssign\report\report.vcxproj" on node 2 (build target(s)).
     1>InitializeBuildStatus:
         Creating "Debug\report.unsuccessfulbuild" because "AlwaysCreate" was specified.
       ClCompile:
         c:\Program Files\Microsoft Visual Studio 10.0\VC\bin\CL.exe /c /ZI /nologo /W3 /WX- /Od /Oy- /D WIN32 /D _DEBUG /D _CONSOLE /D _UNICODE /D UNICODE /Gm /EHsc /RTC1 /MDd /GS /fp:precise /Zc:wchar_t /Zc:forScope /Fo"Debug\\" /Fd"Debug\vc100.pdb" /Gd /TP /analyze- /errorReport:prompt reportSource.cpp
         Skipping... (no relevant changes detected)
         reportSource.cpp
       ManifestResourceCompile:
         C:\Program Files\Microsoft SDKs\Windows\v7.0A\bin\rc.exe /nologo /fo"Debug\report.exe.embed.manifest.res" Debug\report_manifest.rc 
       Link:
         c:\Program Files\Microsoft Visual Studio 10.0\VC\bin\link.exe /ERRORREPORT:PROMPT /OUT:"H:\reportAssign\Debug\report.exe" /INCREMENTAL /NOLOGO kernel32.lib user32.lib gdi32.lib winspool.lib comdlg32.lib advapi32.lib shell32.lib ole32.lib oleaut32.lib uuid.lib odbc32.lib odbccp32.lib /MANIFEST /ManifestFile:"Debug\report.exe.intermediate.manifest" /MANIFESTUAC:"level='asInvoker' uiAccess='false'" /DEBUG /PDB:"H:\reportAssign\Debug\report.pdb" /SUBSYSTEM:CONSOLE /TLBID:1 /DYNAMICBASE /NXCOMPAT /IMPLIB:"H:\reportAssign\Debug\report.lib" /MACHINE:X86 Debug\report.exe.embed.manifest.res
         Debug\reportSource.obj
       Manifest:
         C:\Program Files\Microsoft SDKs\Windows\v7.0A\bin\mt.exe /nologo /verbose /out:"Debug\report.exe.embed.manifest" /manifest Debug\report.exe.intermediate.manifest
         C:\Program Files\Microsoft SDKs\Windows\v7.0A\bin\rc.exe /nologo /fo"Debug\report.exe.embed.manifest.res" Debug\report_manifest.rc 
       LinkEmbedManifest:
         c:\Program Files\Microsoft Visual Studio 10.0\VC\bin\link.exe /ERRORREPORT:PROMPT /OUT:"H:\reportAssign\Debug\report.exe" /INCREMENTAL /NOLOGO kernel32.lib user32.lib gdi32.lib winspool.lib comdlg32.lib advapi32.lib shell32.lib ole32.lib oleaut32.lib uuid.lib odbc32.lib odbccp32.lib /MANIFEST /ManifestFile:"Debug\report.exe.intermediate.manifest" /MANIFESTUAC:"level='asInvoker' uiAccess='false'" /DEBUG /PDB:"H:\reportAssign\Debug\report.pdb" /SUBSYSTEM:CONSOLE /TLBID:1 /DYNAMICBASE /NXCOMPAT /IMPLIB:"H:\reportAssign\Debug\report.lib" /MACHINE:X86 Debug\report.exe.embed.manifest.res
         Debug\reportSource.obj
         report.vcxproj -> H:\reportAssign\Debug\report.exe
       FinalizeBuildStatus:
         Deleting file "Debug\report.unsuccessfulbuild".
         Touching "Debug\report.lastbuildstate".
     1>Done Building Project "H:\reportAssign\report\report.vcxproj" (build target(s)).

Build succeeded.

Time Elapsed 00:00:04.93
