Build started 11/10/2015 1:52:05 PM.
     1>Project "H:\reportAssign\reportAssign\reportAssign.vcxproj" on node 2 (build target(s)).
     1>InitializeBuildStatus:
         Creating "Debug\reportAssign.unsuccessfulbuild" because "AlwaysCreate" was specified.
       ClCompile:
         c:\Program Files\Microsoft Visual Studio 10.0\VC\bin\CL.exe /c /ZI /nologo /W3 /WX- /Od /Oy- /D WIN32 /D _DEBUG /D _CONSOLE /D _UNICODE /D UNICODE /Gm /EHsc /RTC1 /MDd /GS /fp:precise /Zc:wchar_t /Zc:forScope /Fo"Debug\\" /Fd"Debug\vc100.pdb" /Gd /TP /analyze- /errorReport:prompt main.cpp
         main.cpp
     1>h:\reportassign\reportassign\main.cpp(29): warning C4996: '_strdate': This function or variable may be unsafe. Consider using _strdate_s instead. To disable deprecation, use _CRT_SECURE_NO_WARNINGS. See online help for details.
                 c:\program files\microsoft visual studio 10.0\vc\include\time.h(177) : see declaration of '_strdate'
     1>h:\reportassign\reportassign\main.cpp(151): warning C4018: '<' : signed/unsigned mismatch
     1>h:\reportassign\reportassign\main.cpp(265): warning C4244: 'initializing' : conversion from 'double' to 'int', possible loss of data
       ManifestResourceCompile:
         C:\Program Files\Microsoft SDKs\Windows\v7.0A\bin\rc.exe /nologo /fo"Debug\reportAssign.exe.embed.manifest.res" Debug\reportAssign_manifest.rc 
       Link:
         c:\Program Files\Microsoft Visual Studio 10.0\VC\bin\link.exe /ERRORREPORT:PROMPT /OUT:"H:\reportAssign\Debug\reportAssign.exe" /INCREMENTAL /NOLOGO kernel32.lib user32.lib gdi32.lib winspool.lib comdlg32.lib advapi32.lib shell32.lib ole32.lib oleaut32.lib uuid.lib odbc32.lib odbccp32.lib /MANIFEST /ManifestFile:"Debug\reportAssign.exe.intermediate.manifest" /MANIFESTUAC:"level='asInvoker' uiAccess='false'" /DEBUG /PDB:"H:\reportAssign\Debug\reportAssign.pdb" /SUBSYSTEM:CONSOLE /TLBID:1 /DYNAMICBASE /NXCOMPAT /IMPLIB:"H:\reportAssign\Debug\reportAssign.lib" /MACHINE:X86 Debug\reportAssign.exe.embed.manifest.res
         Debug\item.obj
         Debug\main.obj
       Manifest:
         C:\Program Files\Microsoft SDKs\Windows\v7.0A\bin\mt.exe /nologo /verbose /out:"Debug\reportAssign.exe.embed.manifest" /manifest Debug\reportAssign.exe.intermediate.manifest
         C:\Program Files\Microsoft SDKs\Windows\v7.0A\bin\rc.exe /nologo /fo"Debug\reportAssign.exe.embed.manifest.res" Debug\reportAssign_manifest.rc 
       LinkEmbedManifest:
         c:\Program Files\Microsoft Visual Studio 10.0\VC\bin\link.exe /ERRORREPORT:PROMPT /OUT:"H:\reportAssign\Debug\reportAssign.exe" /INCREMENTAL /NOLOGO kernel32.lib user32.lib gdi32.lib winspool.lib comdlg32.lib advapi32.lib shell32.lib ole32.lib oleaut32.lib uuid.lib odbc32.lib odbccp32.lib /MANIFEST /ManifestFile:"Debug\reportAssign.exe.intermediate.manifest" /MANIFESTUAC:"level='asInvoker' uiAccess='false'" /DEBUG /PDB:"H:\reportAssign\Debug\reportAssign.pdb" /SUBSYSTEM:CONSOLE /TLBID:1 /DYNAMICBASE /NXCOMPAT /IMPLIB:"H:\reportAssign\Debug\reportAssign.lib" /MACHINE:X86 Debug\reportAssign.exe.embed.manifest.res
         Debug\item.obj
         Debug\main.obj
         reportAssign.vcxproj -> H:\reportAssign\Debug\reportAssign.exe
       FinalizeBuildStatus:
         Deleting file "Debug\reportAssign.unsuccessfulbuild".
         Touching "Debug\reportAssign.lastbuildstate".
     1>Done Building Project "H:\reportAssign\reportAssign\reportAssign.vcxproj" (build target(s)).

Build succeeded.

Time Elapsed 00:00:04.29
